[INFO ] 2022-07-28 12:15:41.123 [main] TestLog4j - This is information message
[ERROR] 2022-07-28 12:15:41.127 [main] TestLog4j - This is error message
[WARN ] 2022-07-28 12:15:41.127 [main] TestLog4j - This is warning message
[FATAL] 2022-07-28 12:15:41.127 [main] TestLog4j - This is fatal message
[INFO ] 2022-07-28 12:15:41.128 [main] TestLog4j - kjhg
[INFO ] 2022-07-28 12:20:42.808 [main] TestLog4j - This is information message
[ERROR] 2022-07-28 12:20:42.812 [main] TestLog4j - This is error message
[WARN ] 2022-07-28 12:20:42.812 [main] TestLog4j - This is warning message
[FATAL] 2022-07-28 12:20:42.812 [main] TestLog4j - This is fatal message
[INFO ] 2022-07-28 12:28:54.218 [main] TestLog4j - This is information message
[ERROR] 2022-07-28 12:28:54.221 [main] TestLog4j - This is error message
[WARN ] 2022-07-28 12:28:54.222 [main] TestLog4j - This is warning message
[FATAL] 2022-07-28 12:28:54.222 [main] TestLog4j - This is fatal message
[TRACE] 2022-07-28 12:29:21.187 [main] TestLog4j - This is a trace message
[INFO ] 2022-07-28 12:29:21.192 [main] TestLog4j - This is information message
[ERROR] 2022-07-28 12:29:21.192 [main] TestLog4j - This is error message
[WARN ] 2022-07-28 12:29:21.192 [main] TestLog4j - This is warning message
[FATAL] 2022-07-28 12:29:21.193 [main] TestLog4j - This is fatal message
[TRACE] 2022-07-28 13:21:23.133 [main] TestLog4j - Début du Test - ConnexionCasNominal
[TRACE] 2022-07-28 13:23:45.067 [main] TestLog4j - Début du Test - ConnexionCasNominal
